# JRE version: OpenJDK Runtime Environment (11.0.13) (build 11.0.13+0-b1751.21-8125866)
# Java VM: OpenJDK 64-Bit Server VM (11.0.13+0-b1751.21-8125866, mixed mode, tiered, compressed oops, g1 gc, windows-amd64)
Heap:
 garbage-first heap   total 131072K, used 23353K [0x00000000c0000000, 0x0000000100000000)
  region size 1024K, 9 young (9216K), 2 survivors (2048K)
 Metaspace       used 21505K, capacity 21980K, committed 22192K, reserved 1069056K
  class space    used 2622K, capacity 2802K, committed 2816K, reserved 1048576K
GC Heap History (8 events):
Event: 1.696 GC heap before
{Heap before GC invocations=0 (full 0):
 garbage-first heap   total 131072K, used 16384K [0x00000000c0000000, 0x0000000100000000)
  region size 1024K, 14 young (14336K), 0 survivors (0K)
 Metaspace       used 6797K, capacity 7001K, committed 7168K, reserved 1056768K
  class space    used 576K, capacity 650K, committed 768K, reserved 1048576K
}
Event: 1.720 GC heap after
{Heap after GC invocations=1 (full 0):
 garbage-first heap   total 131072K, used 4023K [0x00000000c0000000, 0x0000000100000000)
  region size 1024K, 2 young (2048K), 2 survivors (2048K)
 Metaspace       used 6797K, capacity 7001K, committed 7168K, reserved 1056768K
  class space    used 576K, capacity 650K, committed 768K, reserved 1048576K
}
Event: 8.349 GC heap before
{Heap before GC invocations=1 (full 0):
 garbage-first heap   total 131072K, used 82871K [0x00000000c0000000, 0x0000000100000000)
  region size 1024K, 76 young (77824K), 2 survivors (2048K)
 Metaspace       used 16124K, capacity 16459K, committed 16640K, reserved 1064960K
  class space    used 1809K, capacity 1933K, committed 2048K, reserved 1048576K
}
Event: 8.386 GC heap after
{Heap after GC invocations=2 (full 0):
 garbage-first heap   total 131072K, used 15537K [0x00000000c0000000, 0x0000000100000000)
  region size 1024K, 10 young (10240K), 10 survivors (10240K)
 Metaspace       used 16124K, capacity 16459K, committed 16640K, reserved 1064960K
  class space    used 1809K, capacity 1933K, committed 2048K, reserved 1048576K
}
Event: 9.673 GC heap before
{Heap before GC invocations=2 (full 0):
 garbage-first heap   total 131072K, used 41137K [0x00000000c0000000, 0x0000000100000000)
  region size 1024K, 35 young (35840K), 10 survivors (10240K)
 Metaspace       used 19426K, capacity 19858K, committed 19968K, reserved 1067008K
  class space    used 2321K, capacity 2472K, committed 2560K, reserved 1048576K
}
Event: 9.685 GC heap after
{Heap after GC invocations=3 (full 0):
 garbage-first heap   total 131072K, used 17044K [0x00000000c0000000, 0x0000000100000000)
  region size 1024K, 2 young (2048K), 2 survivors (2048K)
 Metaspace       used 19426K, capacity 19858K, committed 19968K, reserved 1067008K
  class space    used 2321K, capacity 2472K, committed 2560K, reserved 1048576K
}
Event: 10.252 GC heap before
{Heap before GC invocations=3 (full 0):
 garbage-first heap   total 131072K, used 25236K [0x00000000c0000000, 0x0000000100000000)
  region size 1024K, 11 young (11264K), 2 survivors (2048K)
 Metaspace       used 20745K, capacity 21170K, committed 21296K, reserved 1069056K
  class space    used 2482K, capacity 2658K, committed 2688K, reserved 1048576K
}
Event: 10.259 GC heap after
{Heap after GC invocations=4 (full 0):
 garbage-first heap   total 131072K, used 17209K [0x00000000c0000000, 0x0000000100000000)
  region size 1024K, 2 young (2048K), 2 survivors (2048K)
 Metaspace       used 20745K, capacity 21170K, committed 21296K, reserved 1069056K
  class space    used 2482K, capacity 2658K, committed 2688K, reserved 1048576K
}

